<?xml version="1.0" encoding="UTF-8" ?>
<testsuite tests="6" failures="0" name="eu.jpereira.trainings.designpatterns.structural.composite.ShapeTest" time="0.017" errors="0" skipped="0">
  <properties>
[...]
</properties>
  <testcase classname="eu.jpereira.trainings.designpatterns.structural.composite.ShapeTest" name="testGetShapesByTye" time="0.011"/>
  <testcase classname="eu.jpereira.trainings.designpatterns.structural.composite.ShapeTest" name="testAddShape" time="0.006"/>
  <testcase classname="eu.jpereira.trainings.designpatterns.structural.composite.ShapeTest" name="testRemoveShape" time="0"/>
  <testcase classname="eu.jpereira.trainings.designpatterns.structural.composite.ShapeTest" name="testMoveShape" time="0"/>
  <testcase classname="eu.jpereira.trainings.designpatterns.structural.composite.ShapeTest" name="moveHierarchyIndependently" time="0"/>
  <testcase classname="eu.jpereira.trainings.designpatterns.structural.composite.ShapeTest" name="testMoveLeafsShapes" time="0"/>
</testsuite>